<?xml version="1.0" encoding="UTF-8"?>
<testsuite name="edu.utdallas.cs2336.TestCases" tests="2" skipped="0" failures="0" errors="0" timestamp="2024-09-19T04:13:37" hostname="Aamers-MBP.attlocal.net" time="0.008">
  <properties/>
  <testcase name="testDirectoryTraversal()" classname="edu.utdallas.cs2336.TestCases" time="0.005"/>
  <testcase name="testPrimeFactorization()" classname="edu.utdallas.cs2336.TestCases" time="0.003"/>
  <system-out><![CDATA[]]></system-out>
  <system-err><![CDATA[]]></system-err>
</testsuite>
